<?xml version="1.0" encoding="UTF-8"?>
<testsuite xmlns:xsi="http://www.w3.org/2001/XMLSchema-instance" xsi:schemaLocation="https://maven.apache.org/surefire/maven-surefire-plugin/xsd/surefire-test-report.xsd" name="stepdefinitions.RunnerTest" time="416.528" tests="41" errors="0" skipped="0" failures="0">
  <properties>
    <property name="java.runtime.name" value="Java(TM) SE Runtime Environment"/>
    <property name="sun.boot.library.path" value="C:\Program Files\Java\jdk1.8.0_131\jre\bin"/>
    <property name="java.vm.version" value="25.131-b11"/>
    <property name="java.vm.vendor" value="Oracle Corporation"/>
    <property name="maven.multiModuleProjectDirectory" value="C:\Users\dsood\cucumber\io"/>
    <property name="java.vendor.url" value="http://java.oracle.com/"/>
    <property name="path.separator" value=";"/>
    <property name="guice.disable.misplaced.annotation.check" value="true"/>
    <property name="java.vm.name" value="Java HotSpot(TM) 64-Bit Server VM"/>
    <property name="file.encoding.pkg" value="sun.io"/>
    <property name="user.script" value=""/>
    <property name="user.country" value="US"/>
    <property name="sun.java.launcher" value="SUN_STANDARD"/>
    <property name="sun.os.patch.level" value=""/>
    <property name="java.vm.specification.name" value="Java Virtual Machine Specification"/>
    <property name="user.dir" value="C:\Users\dsood\cucumber\io"/>
    <property name="java.runtime.version" value="1.8.0_131-b11"/>
    <property name="java.awt.graphicsenv" value="sun.awt.Win32GraphicsEnvironment"/>
    <property name="java.endorsed.dirs" value="C:\Program Files\Java\jdk1.8.0_131\jre\lib\endorsed"/>
    <property name="os.arch" value="amd64"/>
    <property name="java.io.tmpdir" value="C:\Users\dsood\AppData\Local\Temp\"/>
    <property name="line.separator" value="&#10;"/>
    <property name="java.vm.specification.vendor" value="Oracle Corporation"/>
    <property name="user.variant" value=""/>
    <property name="os.name" value="Windows 10"/>
    <property name="classworlds.conf" value="C:\Users\dsood\cucumber\.metadata\.plugins\org.eclipse.m2e.launching\launches\m2conf7385225810804915324.tmp"/>
    <property name="sun.jnu.encoding" value="Cp1252"/>
    <property name="java.library.path" value="C:\Program Files\Java\jdk1.8.0_131\bin;C:\WINDOWS\Sun\Java\bin;C:\WINDOWS\system32;C:\WINDOWS;C:/Program Files/Java/jre1.8.0_131/bin/server;C:/Program Files/Java/jre1.8.0_131/bin;C:/Program Files/Java/jre1.8.0_131/lib/amd64;C:\ProgramData\Oracle\Java\javapath;C:\WINDOWS\system32;C:\WINDOWS;C:\WINDOWS\System32\Wbem;C:\WINDOWS\System32\WindowsPowerShell\v1.0\;C:\Program Files\Java\jdk1.8.0_131\bin;C:\Program Files (x86)\Skype\Phone\;C:\Users\dsood\AppData\Local\Android\android-sdk\tools;C:\Users\dsood\AppData\Local\Android\android-sdk\platform-tools;C:\Ruby22\bin;C:\Program Files\nodejs\;C:\Program Files\nodejs\node_modules\npm\bin;C:\Program Files\TortoiseGit\bin;C:\Program Files\Git\cmd;C:\Users\dsood\Documents\apache-maven-3.5.0\bin;C:\Ruby22\bin;C:\Users\dsood\AppData\Roaming\npm;C:\Users\dsood\AppData\Local\Microsoft\WindowsApps;C:\Users\dsood\AppData\Local\atom\bin;C:\Program Files (x86)\Microsoft VS Code\bin;C:\Users\dsood\Downloads\eclipse-jee-mars-2-win32-x86_64\eclipse;;."/>
    <property name="java.specification.name" value="Java Platform API Specification"/>
    <property name="java.class.version" value="52.0"/>
    <property name="sun.management.compiler" value="HotSpot 64-Bit Tiered Compilers"/>
    <property name="os.version" value="10.0"/>
    <property name="user.home" value="C:\Users\dsood"/>
    <property name="user.timezone" value="Asia/Calcutta"/>
    <property name="java.awt.printerjob" value="sun.awt.windows.WPrinterJob"/>
    <property name="java.specification.version" value="1.8"/>
    <property name="file.encoding" value="Cp1252"/>
    <property name="user.name" value="dsood"/>
    <property name="java.class.path" value="/C:/Users/dsood/Downloads/eclipse-jee-mars-2-win32-x86_64/eclipse/plugins/org.eclipse.m2e.maven.runtime_1.6.2.20150902-0001/jars/plexus-classworlds-2.5.2.jar"/>
    <property name="java.vm.specification.version" value="1.8"/>
    <property name="sun.arch.data.model" value="64"/>
    <property name="java.home" value="C:\Program Files\Java\jdk1.8.0_131\jre"/>
    <property name="sun.java.command" value="org.codehaus.plexus.classworlds.launcher.Launcher -B test"/>
    <property name="java.specification.vendor" value="Oracle Corporation"/>
    <property name="user.language" value="en"/>
    <property name="awt.toolkit" value="sun.awt.windows.WToolkit"/>
    <property name="java.vm.info" value="mixed mode"/>
    <property name="java.version" value="1.8.0_131"/>
    <property name="java.ext.dirs" value="C:\Program Files\Java\jdk1.8.0_131\jre\lib\ext;C:\WINDOWS\Sun\Java\lib\ext"/>
    <property name="sun.boot.class.path" value="C:\Program Files\Java\jdk1.8.0_131\jre\lib\resources.jar;C:\Program Files\Java\jdk1.8.0_131\jre\lib\rt.jar;C:\Program Files\Java\jdk1.8.0_131\jre\lib\sunrsasign.jar;C:\Program Files\Java\jdk1.8.0_131\jre\lib\jsse.jar;C:\Program Files\Java\jdk1.8.0_131\jre\lib\jce.jar;C:\Program Files\Java\jdk1.8.0_131\jre\lib\charsets.jar;C:\Program Files\Java\jdk1.8.0_131\jre\lib\jfr.jar;C:\Program Files\Java\jdk1.8.0_131\jre\classes"/>
    <property name="java.vendor" value="Oracle Corporation"/>
    <property name="maven.home" value="C:\Users\dsood\cucumber\io\EMBEDDED"/>
    <property name="file.separator" value="\"/>
    <property name="java.vendor.url.bug" value="http://bugreport.sun.com/bugreport/"/>
    <property name="sun.cpu.endian" value="little"/>
    <property name="sun.io.unicode.encoding" value="UnicodeLittle"/>
    <property name="sun.desktop" value="windows"/>
    <property name="sun.cpu.isalist" value="amd64"/>
  </properties>
  <testcase name="Given Verify that user is on meritnation HomePage" classname="Scenario: Test login with valid credentials" time="0.002"/>
  <testcase name="And verify the Create Account button is present" classname="Scenario: Test login with valid credentials" time="0"/>
  <testcase name="When User click on Login link" classname="Scenario: Test login with valid credentials" time="0.001"/>
  <testcase name="Then User should be navigated to LoginPage" classname="Scenario: Test login with valid credentials" time="0"/>
  <testcase name="Scenario: Test login with valid credentials" classname="Scenario: Test login with valid credentials" time="0.957"/>
  <testcase name="Given Verify that user is on meritnation HomePage" classname="| sunaina@test.com | 12345678 |" time="0"/>
  <testcase name="And verify the Create Account button is present" classname="| sunaina@test.com | 12345678 |" time="0"/>
  <testcase name="When User click on Login link" classname="| sunaina@test.com | 12345678 |" time="0"/>
  <testcase name="Then User should be navigated to LoginPage" classname="| sunaina@test.com | 12345678 |" time="0"/>
  <testcase name="Given user is on login page" classname="| sunaina@test.com | 12345678 |" time="0"/>
  <testcase name="When User enters &quot;sunaina@test.com&quot; and &quot;12345678&quot;" classname="| sunaina@test.com | 12345678 |" time="0"/>
  <testcase name="And click on login button" classname="| sunaina@test.com | 12345678 |" time="0"/>
  <testcase name="Then User should be navigated to UserPage" classname="| sunaina@test.com | 12345678 |" time="0"/>
  <testcase name="| sunaina@test.com | 12345678 |" classname="| sunaina@test.com | 12345678 |" time="0.81"/>
  <testcase name="Given Verify that user is on meritnation HomePage" classname="| deepak@test.com | 12345678 |" time="0.001"/>
  <testcase name="And verify the Create Account button is present" classname="| deepak@test.com | 12345678 |" time="0"/>
  <testcase name="When User click on Login link" classname="| deepak@test.com | 12345678 |" time="0"/>
  <testcase name="Then User should be navigated to LoginPage" classname="| deepak@test.com | 12345678 |" time="0.001"/>
  <testcase name="Given user is on login page" classname="| deepak@test.com | 12345678 |" time="0"/>
  <testcase name="When User enters &quot;deepak@test.com&quot; and &quot;12345678&quot;" classname="| deepak@test.com | 12345678 |" time="0"/>
  <testcase name="And click on login button" classname="| deepak@test.com | 12345678 |" time="0"/>
  <testcase name="Then User should be navigated to UserPage" classname="| deepak@test.com | 12345678 |" time="0"/>
  <testcase name="| deepak@test.com | 12345678 |" classname="| deepak@test.com | 12345678 |" time="0.808"/>
  <testcase name="Given Verify that user is on meritnation HomePage" classname="| sunaina@test.com | 1234567 |" time="0"/>
  <testcase name="And verify the Create Account button is present" classname="| sunaina@test.com | 1234567 |" time="0"/>
  <testcase name="When User click on Login link" classname="| sunaina@test.com | 1234567 |" time="0"/>
  <testcase name="Then User should be navigated to LoginPage" classname="| sunaina@test.com | 1234567 |" time="0"/>
  <testcase name="Given user is on login page" classname="| sunaina@test.com | 1234567 |" time="0"/>
  <testcase name="When User enters &quot;sunaina@test.com&quot; and &quot;1234567&quot;" classname="| sunaina@test.com | 1234567 |" time="0"/>
  <testcase name="And click on login button" classname="| sunaina@test.com | 1234567 |" time="0"/>
  <testcase name="Then User should be navigated to the same page" classname="| sunaina@test.com | 1234567 |" time="0"/>
  <testcase name="| sunaina@test.com | 1234567 |" classname="| sunaina@test.com | 1234567 |" time="0.811"/>
  <testcase name="Given Verify that user is on meritnation HomePage" classname="Scenario: Test the correct userpage is displayed" time="0"/>
  <testcase name="And User click on Login link" classname="Scenario: Test the correct userpage is displayed" time="0"/>
  <testcase name="And User should be navigated to LoginPage" classname="Scenario: Test the correct userpage is displayed" time="0"/>
  <testcase name="When User enters &quot;sunaina@test.com&quot; in username and &quot;12345678&quot; in password" classname="Scenario: Test the correct userpage is displayed" time="0"/>
  <testcase name="And click on login button" classname="Scenario: Test the correct userpage is displayed" time="0"/>
  <testcase name="Then User should be navigated to UserPage" classname="Scenario: Test the correct userpage is displayed" time="0"/>
  <testcase name="Given User should be navigated to UserPage" classname="Scenario: Test the correct userpage is displayed" time="0"/>
  <testcase name="Then verify user has successfully logged in" classname="Scenario: Test the correct userpage is displayed" time="0"/>
  <testcase name="Scenario: Test the correct userpage is displayed" classname="Scenario: Test the correct userpage is displayed" time="0.863"/>
</testsuite>